======== INÍCIO DA EXECUÇÃO =========
Data: Thu  3 Jul 16:37:08 IST 2025
Log: /home/robert/Documents/vscode_projects/news_colletector/logs/output_2025-07-03_16-37-08.log
==== PRE-HOOK para main.py ====
Verificando dependências do main.py...
Uso de recursos pré-execucao:
Mem: 1.6Gi/7.9Gi
============================
▶️  Executando: python3 main.py 
INFO:__main__:🧹 Limpando pasta: ./data
INFO:__main__:📁 Pasta não existe: ./data/audio
INFO:__main__:🚀 Executando rss_collector.py...
INFO:__main__:✅ Configuração de feeds carregada com sucesso.
INFO:__main__:🌐 Coletando notícias do feed: https://feeds.folha.uol.com.br/emcimadahora/rss091.xml (Idioma: pt)
INFO:__main__:
🔍 Processando feed: https://feeds.folha.uol.com.br/emcimadahora/rss091.xml
INFO:__main__:📰 Total de entradas encontradas: 100
INFO:__main__:✅ Notícia 1 adicionada: PM anuncia operação contra ataques a ônibus em São Paulo
INFO:__main__:🚫 Limite de 1 notícias atingido para este feed.
INFO:__main__:📥 Total de notícias coletadas de https://feeds.folha.uol.com.br/emcimadahora/rss091.xml: 1
INFO:__main__:✅ Notícias salvas em: /home/robert/Documents/vscode_projects/news_colletector/./data/feeds_folha_uol_com_br_news.json
INFO:__main__:🌐 Coletando notícias do feed: https://www.nintendo.com/en-gb/news.xml (Idioma: en)
INFO:__main__:
🔍 Processando feed: https://www.nintendo.com/en-gb/news.xml
INFO:__main__:📰 Total de entradas encontradas: 10
INFO:__main__:📥 Total de notícias coletadas de https://www.nintendo.com/en-gb/news.xml: 0
INFO:__main__:✅ Notícias salvas em: /home/robert/Documents/vscode_projects/news_colletector/./data/www_nintendo_com_news.json
INFO:__main__:🌐 Coletando notícias do feed: https://newsroom.ibm.com/announcements?pagetemplate=rss (Idioma: en)
INFO:__main__:
🔍 Processando feed: https://newsroom.ibm.com/announcements?pagetemplate=rss
INFO:__main__:📰 Total de entradas encontradas: 5
INFO:__main__:📥 Total de notícias coletadas de https://newsroom.ibm.com/announcements?pagetemplate=rss: 0
INFO:__main__:✅ Notícias salvas em: /home/robert/Documents/vscode_projects/news_colletector/./data/newsroom_ibm_com_news.json
INFO:__main__:🌐 Coletando notícias do feed: http://feeds.bbci.co.uk/news/rss.xml (Idioma: en)
INFO:__main__:
🔍 Processando feed: http://feeds.bbci.co.uk/news/rss.xml
INFO:__main__:📰 Total de entradas encontradas: 32
INFO:__main__:✅ Notícia 1 adicionada: Tears as fans mourn Liverpool's Jota at Anfield
INFO:__main__:🚫 Limite de 1 notícias atingido para este feed.
INFO:__main__:📥 Total de notícias coletadas de http://feeds.bbci.co.uk/news/rss.xml: 1
INFO:__main__:✅ Notícias salvas em: /home/robert/Documents/vscode_projects/news_colletector/./data/feeds_bbci_co_uk_news.json
INFO:__main__:🌐 Coletando notícias do feed: https://pitchfork.com/feed/feed-news/rss (Idioma: en)
INFO:__main__:
🔍 Processando feed: https://pitchfork.com/feed/feed-news/rss
INFO:__main__:📰 Total de entradas encontradas: 30
INFO:__main__:✅ Notícia 1 adicionada: 4 Killed in Shooting Outside Mello Buckzz Record Release Party in Chicago
INFO:__main__:🚫 Limite de 1 notícias atingido para este feed.
INFO:__main__:📥 Total de notícias coletadas de https://pitchfork.com/feed/feed-news/rss: 1
INFO:__main__:✅ Notícias salvas em: /home/robert/Documents/vscode_projects/news_colletector/./data/pitchfork_com_news.json
INFO:__main__:🌐 Coletando notícias do feed: https://feeds.feedburner.com/metalinjection.xml (Idioma: en)
INFO:__main__:
🔍 Processando feed: https://feeds.feedburner.com/metalinjection.xml
INFO:__main__:📰 Total de entradas encontradas: 25
INFO:__main__:✅ Notícia 1 adicionada: DAX RIGGS: "ACID BATH Won't Make New Music"
INFO:__main__:🚫 Limite de 1 notícias atingido para este feed.
INFO:__main__:📥 Total de notícias coletadas de https://feeds.feedburner.com/metalinjection.xml: 1
INFO:__main__:✅ Notícias salvas em: /home/robert/Documents/vscode_projects/news_colletector/./data/feeds_feedburner_com_news.json
INFO:__main__:🌐 Coletando notícias do feed: https://www.theverge.com/rss/index.xml (Idioma: en)
INFO:__main__:
🔍 Processando feed: https://www.theverge.com/rss/index.xml
INFO:__main__:📰 Total de entradas encontradas: 10
INFO:__main__:✅ Notícia 1 adicionada: The best phone to buy right now
INFO:__main__:🚫 Limite de 1 notícias atingido para este feed.
INFO:__main__:📥 Total de notícias coletadas de https://www.theverge.com/rss/index.xml: 1
INFO:__main__:✅ Notícias salvas em: /home/robert/Documents/vscode_projects/news_colletector/./data/www_theverge_com_news.json
INFO:__main__:🌐 Coletando notícias do feed: https://www.theguardian.com/world/rss (Idioma: en)
INFO:__main__:
🔍 Processando feed: https://www.theguardian.com/world/rss
INFO:__main__:📰 Total de entradas encontradas: 45
INFO:__main__:✅ Notícia 6 adicionada: Trinidad and Tobago’s move to honor Indian PM Modi divides opinion
INFO:__main__:🚫 Limite de 1 notícias atingido para este feed.
INFO:__main__:📥 Total de notícias coletadas de https://www.theguardian.com/world/rss: 1
INFO:__main__:✅ Notícias salvas em: /home/robert/Documents/vscode_projects/news_colletector/./data/www_theguardian_com_news.json
INFO:__main__:🌐 Coletando notícias do feed: https://www.theguardian.com/uk/rss (Idioma: en)
INFO:__main__:
🔍 Processando feed: https://www.theguardian.com/uk/rss
INFO:__main__:📰 Total de entradas encontradas: 138
INFO:__main__:✅ Notícia 1 adicionada: ‘People pay to be told lies’: the rise and fall of the world’s first ayahuasca multinational
INFO:__main__:🚫 Limite de 1 notícias atingido para este feed.
INFO:__main__:📥 Total de notícias coletadas de https://www.theguardian.com/uk/rss: 1
INFO:__main__:✅ Notícias salvas em: /home/robert/Documents/vscode_projects/news_colletector/./data/www_theguardian_com_news.json
INFO:__main__:🌐 Coletando notícias do feed: https://www.theguardian.com/us/rss (Idioma: en)
INFO:__main__:
🔍 Processando feed: https://www.theguardian.com/us/rss
INFO:__main__:📰 Total de entradas encontradas: 105
INFO:__main__:✅ Notícia 1 adicionada: ‘The film wouldn’t even be made today’: the story behind Back to the Future at 40
INFO:__main__:🚫 Limite de 1 notícias atingido para este feed.
INFO:__main__:📥 Total de notícias coletadas de https://www.theguardian.com/us/rss: 1
INFO:__main__:✅ Notícias salvas em: /home/robert/Documents/vscode_projects/news_colletector/./data/www_theguardian_com_news.json
INFO:__main__:🌐 Coletando notícias do feed: https://www.theguardian.com/technology/rss (Idioma: en)
INFO:__main__:
🔍 Processando feed: https://www.theguardian.com/technology/rss
INFO:__main__:📰 Total de entradas encontradas: 24
INFO:__main__:📥 Total de notícias coletadas de https://www.theguardian.com/technology/rss: 0
INFO:__main__:✅ Notícias salvas em: /home/robert/Documents/vscode_projects/news_colletector/./data/www_theguardian_com_news.json
INFO:__main__:✅ rss_collector.py executado com sucesso.
INFO:__main__:🚀 Executando summarizer.py...
Device set to use cpu
Device set to use cpu
INFO:__main__:🌐 Processando arquivo: newsroom_ibm_com_news.json
INFO:__main__:✅ Sumarização concluída para ./data/newsroom_ibm_com_news.json.
INFO:__main__:🌐 Processando arquivo: feeds_bbci_co_uk_news.json
INFO:__main__:📝 Sumarizando notícia 1...
INFO:__main__:✅ Sumarização concluída para ./data/feeds_bbci_co_uk_news.json.
INFO:__main__:🌐 Processando arquivo: pitchfork_com_news.json
INFO:__main__:📝 Sumarizando notícia 1...
INFO:__main__:✅ Sumarização concluída para ./data/pitchfork_com_news.json.
INFO:__main__:🌐 Processando arquivo: feeds_feedburner_com_news.json
INFO:__main__:📝 Sumarizando notícia 1...
INFO:__main__:✅ Sumarização concluída para ./data/feeds_feedburner_com_news.json.
INFO:__main__:🌐 Processando arquivo: www_theverge_com_news.json
INFO:__main__:📝 Sumarizando notícia 1...
Your max_length is set to 100, but your input_length is only 84. Since this is a summarization task, where outputs shorter than the input are typically wanted, you might consider decreasing max_length manually, e.g. summarizer('...', max_length=42)
INFO:__main__:✅ Sumarização concluída para ./data/www_theverge_com_news.json.
INFO:__main__:🌐 Processando arquivo: www_theguardian_com_news.json
INFO:__main__:✅ Sumarização concluída para ./data/www_theguardian_com_news.json.
INFO:__main__:🌐 Processando arquivo: feeds_folha_uol_com_br_news.json
INFO:__main__:📝 Sumarizando notícia 1...
INFO:__main__:✅ Sumarização concluída para ./data/feeds_folha_uol_com_br_news.json.
INFO:__main__:🌐 Processando arquivo: www_nintendo_com_news.json
INFO:__main__:✅ Sumarização concluída para ./data/www_nintendo_com_news.json.
INFO:__main__:✅ summarizer.py executado com sucesso.
INFO:__main__:🚀 Executando text_to_speech.py...
WARNING:services.audio_generator:⚠️ Nenhum título encontrado para o feed: Newsroom Ibm Com
WARNING:__main__:⚠️ Nenhum áudio compilado para: Newsroom Ibm Com
GPT2InferenceModel has generative capabilities, as `prepare_inputs_for_generation` is explicitly overwritten. However, it doesn't directly inherit from `GenerationMixin`. From 👉v4.50👈 onwards, `PreTrainedModel` will NOT inherit from `GenerationMixin`, and this model will lose the ability to call `generate` and other related functions.
  - If you're using `trust_remote_code=True`, you can get rid of this warning by loading the model with an auto class. See https://huggingface.co/docs/transformers/en/model_doc/auto#auto-classes
  - If you are the owner of the model architecture code, please modify your model class such that it inherits from `GenerationMixin` (after `PreTrainedModel`, otherwise you'll get an exception).
  - If you are not the owner of the model architecture class, please contact the model code owner to update it.
The attention mask is not set and cannot be inferred from input because pad token is same as eos token. As a consequence, you may observe unexpected behavior. Please pass your input's `attention_mask` to obtain reliable results.
ERROR:__main__:❌ Erro ao gerar o feed RSS.
ERROR:__main__:❌ Erro ao gerar o feed RSS.
ERROR:__main__:❌ Erro ao gerar o feed RSS.
ERROR:__main__:❌ Erro ao gerar o feed RSS.
WARNING:services.audio_generator:⚠️ Nenhum título encontrado para o feed: Www Theguardian Com
WARNING:__main__:⚠️ Nenhum áudio compilado para: Www Theguardian Com
WARNING:services.audio_generator:⚠️ Nenhum título encontrado para o feed: Www Nintendo Com
WARNING:__main__:⚠️ Nenhum áudio compilado para: Www Nintendo Com
ERROR:__main__:❌ Erro ao gerar o feed RSS.
RSS gerado: /home/robert/Documents/vscode_projects/news_colletector/services/rss_feeds/news_en.xml
RSS gerado: /home/robert/Documents/vscode_projects/news_colletector/services/rss_feeds/news_pt.xml
 > tts_models/multilingual/multi-dataset/xtts_v2 is already downloaded.
 > Using model: xtts
 > Text splitted to sentences.
["Tears as fans mourn Liverpool's Jota at Anfield", 'Thousands of people have been paying their respects to the player and his brother outside Anfield.', 'Fonte: BBC News']
 > Processing time: 133.40265440940857
 > Real-time factor: 9.686787138835882
 > tts_models/multilingual/multi-dataset/xtts_v2 is already downloaded.
 > Using model: xtts
 > Text splitted to sentences.
["Tears as fans mourn Liverpool's Jota at Anfield"]
 > Processing time: 32.25522589683533
 > Real-time factor: 8.653247652146424
RSS gerado: /home/robert/Documents/vscode_projects/news_colletector/data/news_en.xml
 > tts_models/multilingual/multi-dataset/xtts_v2 is already downloaded.
 > Using model: xtts
 > Text splitted to sentences.
['4 Killed in Shooting Outside Mello Buckzz Record Release Party in Chicago', 'Two teenagers died and 14 people were wounded in the drive-by shooting outside the Artis Lounge nightclub', 'Fonte: RSS: News']
 > Processing time: 142.7944314479828
 > Real-time factor: 8.569811254594404
 > tts_models/multilingual/multi-dataset/xtts_v2 is already downloaded.
 > Using model: xtts
 > Text splitted to sentences.
['4 Killed in Shooting Outside Mello Buckzz Record Release Party in Chicago']
 > Processing time: 57.70823049545288
 > Real-time factor: 8.598676089474106
RSS gerado: /home/robert/Documents/vscode_projects/news_colletector/data/news_en.xml
 > tts_models/multilingual/multi-dataset/xtts_v2 is already downloaded.
 > Using model: xtts
 > Text splitted to sentences.
['DAX RIGGS: "ACID BATH Won\'t Make New Music"', "At least you can see 'em live.", 'The post  DAX RIGGS: "ACID BATH Won\'t Make New Music"  appeared first on  Metal Injection .', 'Fonte: Metal Injection']
 > Processing time: 138.41677904129028
 > Real-time factor: 8.490102528764384
 > tts_models/multilingual/multi-dataset/xtts_v2 is already downloaded.
 > Using model: xtts
 > Text splitted to sentences.
['DAX RIGGS "ACID BATH Won\'t Make New Music"']
 > Processing time: 31.296370029449463
 > Real-time factor: 8.50193375652179
RSS gerado: /home/robert/Documents/vscode_projects/news_colletector/data/news_en.xml
 > tts_models/multilingual/multi-dataset/xtts_v2 is already downloaded.
 > Using model: xtts
 > Text splitted to sentences.
['The best phone to buy right now', 'Most people buying a new phone just want something familiar.', 'If that’s your MO, then you’re sure to find something reliable in my recommendations below.', "But even if you're looking for something a little more extra, […]", 'Fonte: The Verge']
 > Processing time: 228.4130048751831
 > Real-time factor: 8.196372147991452
 > tts_models/multilingual/multi-dataset/xtts_v2 is already downloaded.
 > Using model: xtts
 > Text splitted to sentences.
['The best phone to buy right now']
 > Processing time: 20.02719759941101
 > Real-time factor: 8.096210528509328
RSS gerado: /home/robert/Documents/vscode_projects/news_colletector/data/news_en.xml
 > tts_models/multilingual/multi-dataset/xtts_v2 is already downloaded.
 > Using model: xtts
 > Text splitted to sentences.
['PM anuncia operação contra ataques a ônibus em São Paulo', 'A  Polícia Militar  anunciou que colocou em ação uma operação para tentar frear os ataques a ônibus na capital paulista, em cidades da Grande  São Paulo  e na  Baixada Santista .', 'Leia mais  (07/03/2025 - 12h30)', 'Fonte: Folha de S.Paulo - Em cima da hora - Principal']
 > Processing time: 241.20976638793945
 > Real-time factor: 8.53139331956111
 > tts_models/multilingual/multi-dataset/xtts_v2 is already downloaded.
 > Using model: xtts
 > Text splitted to sentences.
['PM anuncia operação contra ataques a ônibus em São Paulo']
 > Processing time: 41.533082246780396
 > Real-time factor: 8.222637404301715
RSS gerado: /home/robert/Documents/vscode_projects/news_colletector/data/news_pt.xml
INFO:__main__:✅ text_to_speech.py executado com sucesso.
INFO:__main__:🎉 Todos os scripts foram executados com sucesso.
ℹ️  Status de saída: 0
✅ Sucesso
========= FIM DA EXECUÇÃO =========
