=== INÍCIO DA EXECUÇÃO: Tue  1 Jul 19:00:01 IST 2025 ===
INFO:__main__:🧹 Limpando pasta: ./data
INFO:__main__:📁 Pasta não existe: ./data/audio
INFO:__main__:🚀 Executando rss_collector.py...
INFO:__main__:✅ Configuração de feeds carregada com sucesso.
INFO:__main__:🌐 Coletando notícias do feed: https://feeds.folha.uol.com.br/emcimadahora/rss091.xml (Idioma: pt)
INFO:__main__:
🔍 Processando feed: https://feeds.folha.uol.com.br/emcimadahora/rss091.xml
INFO:__main__:📰 Total de entradas encontradas: 100
INFO:__main__:✅ Notícia 1 adicionada: Teremos de analisar, diz Trump ao ser questionado sobre deportar Musk
INFO:__main__:✅ Notícia 2 adicionada: Dupla que atacou Exército israelense em Glastonbury nega antissemitismo; veja
INFO:__main__:✅ Notícia 3 adicionada: Lula chama Bolsonaro de frouxo e diz que jamais pediria anistia antes de condenado
INFO:__main__:✅ Notícia 4 adicionada: Transformações na Antártida afetam clima e baleias no Brasil
INFO:__main__:✅ Notícia 5 adicionada: Putin e Macron voltam a se falar após quase três anos
INFO:__main__:🚫 Limite de 5 notícias atingido para este feed.
INFO:__main__:📥 Total de notícias coletadas de https://feeds.folha.uol.com.br/emcimadahora/rss091.xml: 5
INFO:__main__:✅ Notícias salvas em: /home/robert/Documents/vscode_projects/news_colletector/./data/feeds_folha_uol_com_br_news.json
INFO:__main__:🌐 Coletando notícias do feed: https://www.nintendo.com/en-gb/news.xml (Idioma: en)
INFO:__main__:
🔍 Processando feed: https://www.nintendo.com/en-gb/news.xml
INFO:__main__:📰 Total de entradas encontradas: 10
INFO:__main__:📥 Total de notícias coletadas de https://www.nintendo.com/en-gb/news.xml: 0
INFO:__main__:✅ Notícias salvas em: /home/robert/Documents/vscode_projects/news_colletector/./data/www_nintendo_com_news.json
INFO:__main__:🌐 Coletando notícias do feed: https://newsroom.ibm.com/announcements?pagetemplate=rss (Idioma: en)
INFO:__main__:
🔍 Processando feed: https://newsroom.ibm.com/announcements?pagetemplate=rss
INFO:__main__:📰 Total de entradas encontradas: 5
INFO:__main__:📥 Total de notícias coletadas de https://newsroom.ibm.com/announcements?pagetemplate=rss: 0
INFO:__main__:✅ Notícias salvas em: /home/robert/Documents/vscode_projects/news_colletector/./data/newsroom_ibm_com_news.json
INFO:__main__:🌐 Coletando notícias do feed: http://feeds.bbci.co.uk/news/rss.xml (Idioma: en)
INFO:__main__:
🔍 Processando feed: http://feeds.bbci.co.uk/news/rss.xml
INFO:__main__:📰 Total de entradas encontradas: 28
INFO:__main__:✅ Notícia 1 adicionada: Three former bosses of Lucy Letby arrested on suspicion of gross negligence manslaughter
INFO:__main__:✅ Notícia 2 adicionada: UK sees hottest day of 2025 as heatwave peaks
INFO:__main__:✅ Notícia 3 adicionada: Family pay tribute to girl, 7, killed by falling tree
INFO:__main__:✅ Notícia 4 adicionada: US Senate Republicans narrowly pass Trump's 'big, beautiful'  bill
INFO:__main__:✅ Notícia 5 adicionada: M&S should be 'fully online' within four weeks, boss says
INFO:__main__:🚫 Limite de 5 notícias atingido para este feed.
INFO:__main__:📥 Total de notícias coletadas de http://feeds.bbci.co.uk/news/rss.xml: 5
INFO:__main__:✅ Notícias salvas em: /home/robert/Documents/vscode_projects/news_colletector/./data/feeds_bbci_co_uk_news.json
INFO:__main__:🌐 Coletando notícias do feed: https://pitchfork.com/feed/feed-news/rss (Idioma: en)
INFO:__main__:
🔍 Processando feed: https://pitchfork.com/feed/feed-news/rss
INFO:__main__:📰 Total de entradas encontradas: 30
INFO:__main__:✅ Notícia 1 adicionada: Eiko Ishibashi and Jim O’Rourke Announce New Album Pareidolia, Share Video: Watch
INFO:__main__:✅ Notícia 2 adicionada: New Music Releases and Upcoming Albums in 2025
INFO:__main__:✅ Notícia 3 adicionada: Jenny Hval Cancels 2025 North American Tour Dates
INFO:__main__:📥 Total de notícias coletadas de https://pitchfork.com/feed/feed-news/rss: 3
INFO:__main__:✅ Notícias salvas em: /home/robert/Documents/vscode_projects/news_colletector/./data/pitchfork_com_news.json
INFO:__main__:🌐 Coletando notícias do feed: https://feeds.feedburner.com/metalinjection.xml (Idioma: en)
INFO:__main__:
🔍 Processando feed: https://feeds.feedburner.com/metalinjection.xml
INFO:__main__:📰 Total de entradas encontradas: 25
INFO:__main__:✅ Notícia 1 adicionada: TOOL's ADAM JONES Professes His Love Of BLACK SABBATH
INFO:__main__:✅ Notícia 2 adicionada: MASTODON's BRANN DAILOR Leads ARCADEA On Their New Album The Exodus Of Gravity, Out This August
INFO:__main__:✅ Notícia 3 adicionada: ULCERATE Announces North American Tour With SPIRIT POSSESSION
INFO:__main__:✅ Notícia 4 adicionada: SCOTT STAPP Says CREED Have Talked About Making A New Album: "When It's The Right Time, It's Gonna Be Incredible"
INFO:__main__:✅ Notícia 5 adicionada: ZZ TOP Announces Vinyl Box Set Covering Their Albums From 1979 To 1990
INFO:__main__:🚫 Limite de 5 notícias atingido para este feed.
INFO:__main__:📥 Total de notícias coletadas de https://feeds.feedburner.com/metalinjection.xml: 5
INFO:__main__:✅ Notícias salvas em: /home/robert/Documents/vscode_projects/news_colletector/./data/feeds_feedburner_com_news.json
INFO:__main__:🌐 Coletando notícias do feed: https://www.theverge.com/rss/index.xml (Idioma: en)
INFO:__main__:
🔍 Processando feed: https://www.theverge.com/rss/index.xml
INFO:__main__:📰 Total de entradas encontradas: 10
INFO:__main__:✅ Notícia 1 adicionada: Laptop Mag is shutting down
INFO:__main__:✅ Notícia 2 adicionada: Nothing Headphone 1 review: head-turning
INFO:__main__:✅ Notícia 3 adicionada: Nothing’s over-ear headphones are all about the buttons
INFO:__main__:✅ Notícia 4 adicionada: Nothing’s ‘first true flagship’ phone plays it a little safe
INFO:__main__:✅ Notícia 5 adicionada: Here are the best AirPods deals you can get right now
INFO:__main__:🚫 Limite de 5 notícias atingido para este feed.
INFO:__main__:📥 Total de notícias coletadas de https://www.theverge.com/rss/index.xml: 5
INFO:__main__:✅ Notícias salvas em: /home/robert/Documents/vscode_projects/news_colletector/./data/www_theverge_com_news.json
INFO:__main__:🌐 Coletando notícias do feed: https://www.theguardian.com/world/rss (Idioma: en)
INFO:__main__:
🔍 Processando feed: https://www.theguardian.com/world/rss
INFO:__main__:📰 Total de entradas encontradas: 45
INFO:__main__:✅ Notícia 11 adicionada: China hosts first fully autonomous AI robot football match
INFO:__main__:✅ Notícia 12 adicionada: Thailand’s PM Paetongtarn Shinawatra suspended over leaked Hun Sen call
INFO:__main__:✅ Notícia 16 adicionada: Australia’s life expectancy gap narrows but men in disadvantaged areas dying almost seven years earlier
INFO:__main__:✅ Notícia 17 adicionada: Tracking sea ice is ‘early warning system’ for global heating - but US halt to data sharing will make it harder, scientists warn
INFO:__main__:✅ Notícia 18 adicionada: Liberal figures push for expiry dates on gender quotas in bid to win party support
INFO:__main__:🚫 Limite de 5 notícias atingido para este feed.
INFO:__main__:📥 Total de notícias coletadas de https://www.theguardian.com/world/rss: 5
INFO:__main__:✅ Notícias salvas em: /home/robert/Documents/vscode_projects/news_colletector/./data/www_theguardian_com_news.json
INFO:__main__:🌐 Coletando notícias do feed: https://www.theguardian.com/uk/rss (Idioma: en)
INFO:__main__:
🔍 Processando feed: https://www.theguardian.com/uk/rss
INFO:__main__:📰 Total de entradas encontradas: 137
INFO:__main__:✅ Notícia 1 adicionada: Downbeat Liz Kendall acts as if even she no longer believes in welfare reforms | John Crace
INFO:__main__:✅ Notícia 2 adicionada: Twelve days in Gaza: what happened while the world looked away?
INFO:__main__:✅ Notícia 3 adicionada: ‘I have a lot of sympathy for Elon Musk’: Succession creator Jesse Armstrong on his tech bros AI satire Mountainhead
INFO:__main__:✅ Notícia 4 adicionada: Women’s Euro 2025: Guardian writers’ predictions for the tournament
INFO:__main__:✅ Notícia 5 adicionada: I was getting lonely. Here’s what happened when I tried to make new friends in my 30s
INFO:__main__:🚫 Limite de 5 notícias atingido para este feed.
INFO:__main__:📥 Total de notícias coletadas de https://www.theguardian.com/uk/rss: 5
INFO:__main__:✅ Notícias salvas em: /home/robert/Documents/vscode_projects/news_colletector/./data/www_theguardian_com_news.json
INFO:__main__:🌐 Coletando notícias do feed: https://www.theguardian.com/us/rss (Idioma: en)
INFO:__main__:
🔍 Processando feed: https://www.theguardian.com/us/rss
INFO:__main__:📰 Total de entradas encontradas: 109
INFO:__main__:✅ Notícia 1 adicionada: I was getting lonely. Here’s what happened when I tried to make new friends in my 30s
INFO:__main__:✅ Notícia 2 adicionada: Planned Parenthood may not survive the Trump administration | Moira Donegan
INFO:__main__:✅ Notícia 3 adicionada: Women’s Euro 2025: Guardian writers’ predictions for the tournament
INFO:__main__:✅ Notícia 4 adicionada: You love the outdoors. So why are you pooping all over it?
INFO:__main__:✅ Notícia 5 adicionada: Austin Powers? The Godfather? Wild Things? Our writers on the franchises they would like to revive
INFO:__main__:🚫 Limite de 5 notícias atingido para este feed.
INFO:__main__:📥 Total de notícias coletadas de https://www.theguardian.com/us/rss: 5
INFO:__main__:✅ Notícias salvas em: /home/robert/Documents/vscode_projects/news_colletector/./data/www_theguardian_com_news.json
INFO:__main__:🌐 Coletando notícias do feed: https://www.theguardian.com/technology/rss (Idioma: en)
INFO:__main__:
🔍 Processando feed: https://www.theguardian.com/technology/rss
INFO:__main__:📰 Total de entradas encontradas: 24
INFO:__main__:✅ Notícia 2 adicionada: Tech firms suggested placing trackers under offenders’ skin at meeting with justice secretary
INFO:__main__:✅ Notícia 20 adicionada: Moonlight Peaks: your chance to live as a tiny vegan vampire
INFO:__main__:📥 Total de notícias coletadas de https://www.theguardian.com/technology/rss: 2
INFO:__main__:✅ Notícias salvas em: /home/robert/Documents/vscode_projects/news_colletector/./data/www_theguardian_com_news.json
INFO:__main__:✅ rss_collector.py executado com sucesso.
INFO:__main__:🚀 Executando summarizer.py...
Device set to use cpu
Device set to use cpu
INFO:__main__:🌐 Processando arquivo: newsroom_ibm_com_news.json
INFO:__main__:✅ Sumarização concluída para ./data/newsroom_ibm_com_news.json.
INFO:__main__:🌐 Processando arquivo: feeds_bbci_co_uk_news.json
INFO:__main__:📝 Sumarizando notícia 1...
INFO:__main__:📝 Sumarizando notícia 2...
INFO:__main__:📝 Sumarizando notícia 3...
INFO:__main__:📝 Sumarizando notícia 4...
INFO:__main__:📝 Sumarizando notícia 5...
INFO:__main__:✅ Sumarização concluída para ./data/feeds_bbci_co_uk_news.json.
INFO:__main__:🌐 Processando arquivo: pitchfork_com_news.json
INFO:__main__:📝 Sumarizando notícia 1...
INFO:__main__:📝 Sumarizando notícia 2...
INFO:__main__:📝 Sumarizando notícia 3...
INFO:__main__:✅ Sumarização concluída para ./data/pitchfork_com_news.json.
INFO:__main__:🌐 Processando arquivo: feeds_feedburner_com_news.json
INFO:__main__:📝 Sumarizando notícia 1...
INFO:__main__:📝 Sumarizando notícia 2...
INFO:__main__:📝 Sumarizando notícia 3...
INFO:__main__:📝 Sumarizando notícia 4...
INFO:__main__:📝 Sumarizando notícia 5...
INFO:__main__:✅ Sumarização concluída para ./data/feeds_feedburner_com_news.json.
INFO:__main__:🌐 Processando arquivo: www_theverge_com_news.json
INFO:__main__:📝 Sumarizando notícia 1...
Your max_length is set to 100, but your input_length is only 79. Since this is a summarization task, where outputs shorter than the input are typically wanted, you might consider decreasing max_length manually, e.g. summarizer('...', max_length=39)
INFO:__main__:📝 Sumarizando notícia 2...
Your max_length is set to 100, but your input_length is only 75. Since this is a summarization task, where outputs shorter than the input are typically wanted, you might consider decreasing max_length manually, e.g. summarizer('...', max_length=37)
INFO:__main__:📝 Sumarizando notícia 3...
Your max_length is set to 100, but your input_length is only 78. Since this is a summarization task, where outputs shorter than the input are typically wanted, you might consider decreasing max_length manually, e.g. summarizer('...', max_length=39)
INFO:__main__:📝 Sumarizando notícia 4...
Your max_length is set to 100, but your input_length is only 78. Since this is a summarization task, where outputs shorter than the input are typically wanted, you might consider decreasing max_length manually, e.g. summarizer('...', max_length=39)
INFO:__main__:📝 Sumarizando notícia 5...
Your max_length is set to 100, but your input_length is only 85. Since this is a summarization task, where outputs shorter than the input are typically wanted, you might consider decreasing max_length manually, e.g. summarizer('...', max_length=42)
INFO:__main__:✅ Sumarização concluída para ./data/www_theverge_com_news.json.
INFO:__main__:🌐 Processando arquivo: www_theguardian_com_news.json
INFO:__main__:📝 Sumarizando notícia 1...
INFO:__main__:📝 Sumarizando notícia 2...
INFO:__main__:✅ Sumarização concluída para ./data/www_theguardian_com_news.json.
INFO:__main__:🌐 Processando arquivo: feeds_folha_uol_com_br_news.json
INFO:__main__:📝 Sumarizando notícia 1...
INFO:__main__:📝 Sumarizando notícia 2...
INFO:__main__:📝 Sumarizando notícia 3...
INFO:__main__:📝 Sumarizando notícia 4...
INFO:__main__:📝 Sumarizando notícia 5...
INFO:__main__:✅ Sumarização concluída para ./data/feeds_folha_uol_com_br_news.json.
INFO:__main__:🌐 Processando arquivo: www_nintendo_com_news.json
INFO:__main__:✅ Sumarização concluída para ./data/www_nintendo_com_news.json.
INFO:__main__:✅ summarizer.py executado com sucesso.
INFO:__main__:🚀 Executando text_to_speech.py...
WARNING:services.audio_generator:⚠️ Nenhum título encontrado para o feed: Newsroom Ibm Com
WARNING:__main__:⚠️ Nenhum áudio compilado para: Newsroom Ibm Com
GPT2InferenceModel has generative capabilities, as `prepare_inputs_for_generation` is explicitly overwritten. However, it doesn't directly inherit from `GenerationMixin`. From 👉v4.50👈 onwards, `PreTrainedModel` will NOT inherit from `GenerationMixin`, and this model will lose the ability to call `generate` and other related functions.
  - If you're using `trust_remote_code=True`, you can get rid of this warning by loading the model with an auto class. See https://huggingface.co/docs/transformers/en/model_doc/auto#auto-classes
  - If you are the owner of the model architecture code, please modify your model class such that it inherits from `GenerationMixin` (after `PreTrainedModel`, otherwise you'll get an exception).
  - If you are not the owner of the model architecture class, please contact the model code owner to update it.
The attention mask is not set and cannot be inferred from input because pad token is same as eos token. As a consequence, you may observe unexpected behavior. Please pass your input's `attention_mask` to obtain reliable results.
ERROR:__main__:❌ Erro ao gerar o feed RSS.
ERROR:__main__:❌ Erro ao gerar o feed RSS.
ERROR:__main__:❌ Erro ao gerar o feed RSS.
RSS gerado: /home/robert/Documents/vscode_projects/news_colletector/services/rss_feeds/news_en.xml
RSS gerado: /home/robert/Documents/vscode_projects/news_colletector/services/rss_feeds/news_pt.xml
 > tts_models/multilingual/multi-dataset/xtts_v2 is already downloaded.
 > Using model: xtts
 > Text splitted to sentences.
['Three former bosses of Lucy Letby arrested on suspicion of gross negligence manslaughter', 'All three worked at the Countess of Chester Hospital when the nurse killed babies at its neonatal unit.', 'Fonte: BBC News']
 > Processing time: 153.67297101020813
 > Real-time factor: 8.650106734201
 > tts_models/multilingual/multi-dataset/xtts_v2 is already downloaded.
 > Using model: xtts
 > Text splitted to sentences.
['UK sees hottest day of 2025 as heatwave peaks', 'Temperatures are set to fall after a scorching days in parts of England.', 'Fonte: BBC News']
 > Processing time: 118.21032428741455
 > Real-time factor: 8.547594478125463
 > tts_models/multilingual/multi-dataset/xtts_v2 is already downloaded.
 > Using model: xtts
 > Text splitted to sentences.
['Family pay tribute to girl, 7, killed by falling tree', 'Leonna Ruka died after being injured in a Southend park and her family calls her "a light in our lives".', 'Fonte: BBC News']
 > Processing time: 149.7256100177765
 > Real-time factor: 8.718494372153135
 > tts_models/multilingual/multi-dataset/xtts_v2 is already downloaded.
 > Using model: xtts
 > Text splitted to sentences.
["US Senate Republicans narrowly pass Trump's 'big, beautiful'  bill", 'Vice-President JD Vance casts the tie-breaking vote after more than 24 hours of intense debate, sending the bill back to the House.', 'Fonte: BBC News']
 > Processing time: 157.46558165550232
 > Real-time factor: 8.68758776248005
 > tts_models/multilingual/multi-dataset/xtts_v2 is already downloaded.
 > Using model: xtts
 > Text splitted to sentences.
["M&S should be 'fully online' within four weeks, boss says", 'The retailer continues to recover from a cyber attack that is expected to hit profits by £300m.', 'Fonte: BBC News']
 > Processing time: 146.18014216423035
 > Real-time factor: 8.564150338820726
 > tts_models/multilingual/multi-dataset/xtts_v2 is already downloaded.
 > Using model: xtts
 > Text splitted to sentences.
['Three former bosses of Lucy Letby arrested on suspicion of gross negligence manslaughter', 'UK sees hottest day of 2025 as heatwave peaks', 'Family pay tribute to girl 7 killed by falling tree', "US Senate Republicans narrowly pass Trump's 'big beautiful' bill", "M&S should be 'fully online' within four weeks boss says"]
 > Processing time: 237.77570343017578
 > Real-time factor: 8.629411457870354
RSS gerado: /home/robert/Documents/vscode_projects/news_colletector/data/news_en.xml
 > tts_models/multilingual/multi-dataset/xtts_v2 is already downloaded.
 > Using model: xtts
 > Text splitted to sentences.
['Eiko Ishibashi and Jim O’Rourke Announce New Album Pareidolia, Share Video: Watch', 'The full-length arrives in August via Drag City', 'Fonte: RSS: News']
 > Processing time: 143.93696117401123
 > Real-time factor: 8.692892967173593
 > tts_models/multilingual/multi-dataset/xtts_v2 is already downloaded.
 > Using model: xtts
 > Text splitted to sentences.
['New Music Releases and Upcoming Albums in 2025', 'A regularly updated guide to the new albums, EPs, mixtapes, and projects getting released in the coming weeks and months', 'Fonte: RSS: News']
 > Processing time: 159.13698506355286
 > Real-time factor: 8.757363636174132
 > tts_models/multilingual/multi-dataset/xtts_v2 is already downloaded.
 > Using model: xtts
 > Text splitted to sentences.
['Jenny Hval Cancels 2025 North American Tour Dates', 'The Norwegian artist was set to perform in major cities across the United States and Canada this September', 'Fonte: RSS: News']
 > Processing time: 154.09098076820374
 > Real-time factor: 8.742193934839271
 > tts_models/multilingual/multi-dataset/xtts_v2 is already downloaded.
 > Using model: xtts
 > Text splitted to sentences.
['Eiko Ishibashi and Jim O’Rourke Announce New Album Pareidolia Share Video Watch', 'New Music Releases and Upcoming Albums in 2025', 'Jenny Hval Cancels 2025 North American Tour Dates']
 > Processing time: 171.4299087524414
 > Real-time factor: 8.798623626660396
RSS gerado: /home/robert/Documents/vscode_projects/news_colletector/data/news_en.xml
 > tts_models/multilingual/multi-dataset/xtts_v2 is already downloaded.
 > Using model: xtts
 > Text splitted to sentences.
["TOOL's ADAM JONES Professes His Love Of BLACK SABBATH", '"If you don\'t hear it in Tool, you probably aren\'t really into Black Sabbath."', "The post  TOOL's ADAM JONES Professes His Love Of BLACK SABBATH  appeared first on  Metal Injection .", 'Fonte: Metal Injection']
 > Processing time: 166.7964906692505
 > Real-time factor: 8.764160961703555
 > tts_models/multilingual/multi-dataset/xtts_v2 is already downloaded.
 > Using model: xtts
 > Text splitted to sentences.
["MASTODON's BRANN DAILOR Leads ARCADEA On Their New Album The Exodus Of Gravity, Out This August", 'Are you ready to fall in love?', "The post  MASTODON's BRANN DAILOR Leads ARCADEA On Their New Album The Exodus Of Gravity, Out This August  appeared first on  Metal Injection .", 'Fonte: Metal Injection']
 > Processing time: 222.32578015327454
 > Real-time factor: 8.897453704661734
 > tts_models/multilingual/multi-dataset/xtts_v2 is already downloaded.
 > Using model: xtts
 > Text splitted to sentences.
['ULCERATE Announces North American Tour With SPIRIT POSSESSION', 'This is gonna be ridiculous.', 'The post  ULCERATE Announces North American Tour With SPIRIT POSSESSION  appeared first on  Metal Injection .', 'Fonte: Metal Injection']
 > Processing time: 156.90280747413635
 > Real-time factor: 8.684003275112216
 > tts_models/multilingual/multi-dataset/xtts_v2 is already downloaded.
 > Using model: xtts
 > Text splitted to sentences.
['SCOTT STAPP Says CREED Have Talked About Making A New Album: "When It\'s The Right Time, It\'s Gonna Be Incredible"', "“I think it'll probably be, if not on par, better than anything we've ever done.”", 'The post  SCOTT STAPP Says CREED Have Talked About Making A New Album: "When It\'s The Right Time, It\'s Gonna Be Incredible"  appeared first on  Metal Injection .', 'Fonte: Metal Injection']
 > Processing time: 242.79416823387146
 > Real-time factor: 8.936030154291851
 > tts_models/multilingual/multi-dataset/xtts_v2 is already downloaded.
 > Using model: xtts
 > Text splitted to sentences.
['ZZ TOP Announces Vinyl Box Set Covering Their Albums From 1979 To 1990', 'A sharp dressed box, if you will.', 'The post  ZZ TOP Announces Vinyl Box Set Covering Their Albums From 1979 To 1990  appeared first on  Metal Injection .', 'Fonte: Metal Injection']
 > Processing time: 234.7863655090332
 > Real-time factor: 9.301050936160067
 > tts_models/multilingual/multi-dataset/xtts_v2 is already downloaded.
 > Using model: xtts
 > Text splitted to sentences.
["TOOL's ADAM JONES Professes His Love Of BLACK SABBATH", "MASTODON's BRANN DAILOR Leads ARCADEA On Their New Album The Exodus Of Gravity Out This August", 'ULCERATE Announces North American Tour With SPIRIT POSSESSION', 'SCOTT STAPP Says CREED Have Talked About Making A New Album "When It\'s The Right Time It\'s Gonna Be Incredible"', 'ZZ TOP Announces Vinyl Box Set Covering Their Albums From 1979 To 1990']
 > Processing time: 290.4073474407196
 > Real-time factor: 9.058591378460012
RSS gerado: /home/robert/Documents/vscode_projects/news_colletector/data/news_en.xml
 > tts_models/multilingual/multi-dataset/xtts_v2 is already downloaded.
 > Using model: xtts
 > Text splitted to sentences.
['Laptop Mag is shutting down', 'Laptop Mag is shutting down after nearly 35 years of providing consumers with in-depth information about laptops and other technology.', 'In a staff meeting seen by The Verge, Faisal Alani said, “After careful consideration and a review of our long-term strategy, we’ve made the decision’', 'Fonte: The Verge']
 > Processing time: 220.34545516967773
 > Real-time factor: 8.728974945547664
ERROR:__main__:❌ Erro ao gerar o feed RSS.
ERROR:__main__:❌ Erro ao gerar o feed RSS.
WARNING:services.audio_generator:⚠️ Nenhum título encontrado para o feed: Www Nintendo Com
WARNING:__main__:⚠️ Nenhum áudio compilado para: Www Nintendo Com
ERROR:__main__:❌ Erro ao gerar o feed RSS.
 > tts_models/multilingual/multi-dataset/xtts_v2 is already downloaded.
 > Using model: xtts
 > Text splitted to sentences.
['Nothing Headphone 1 review: head-turning', "Nothing's first pair of over-the-ear headphones has arrived, bearing the company's signature retro-transparent design.", 'With the $299 Nothing Headphone 1, you have to commit to having that aesthetic wrapped around your ears.', 'Fonte: The Verge']
 > Processing time: 229.8622019290924
 > Real-time factor: 8.720924100691843
 > tts_models/multilingual/multi-dataset/xtts_v2 is already downloaded.
 > Using model: xtts
 > Text splitted to sentences.
['Nothing’s over-ear headphones are all about the buttons', 'Nothing has launched its first pair of over-ear headphones, imaginatively named the Headphone 1.', 'At $299, these are priced to compete with flagship fare, distinguished by their distinctive Nothing design language.', 'Fonte: The Verge']
 > Processing time: 221.09238266944885
 > Real-time factor: 8.754537980299224
 > tts_models/multilingual/multi-dataset/xtts_v2 is already downloaded.
 > Using model: xtts
 > Text splitted to sentences.
['Nothing’s ‘first true flagship’ phone plays it a little safe', 'The Nothing Phone 3 lets you play Spin the Bottle on the back of the phone.', '“The Glyph interface is not a gimmick,” Nothing founder and CEO Carl Pei says.', 'Fonte: The Verge']
 > Processing time: 153.70530104637146
 > Real-time factor: 8.606578823522293
 > tts_models/multilingual/multi-dataset/xtts_v2 is already downloaded.
 > Using model: xtts
 > Text splitted to sentences.
['Here are the best AirPods deals you can get right now', 'If you know where to look, you can often score discounts on Apple’s ever-expanding AirPods lineup.', 'Both the newer AirPod Max and Airpods 4 (with and without ANC) now consistently receive discounts.', 'Fonte: The Verge']
 > Processing time: 186.16567540168762
 > Real-time factor: 8.675759888169578
 > tts_models/multilingual/multi-dataset/xtts_v2 is already downloaded.
 > Using model: xtts
 > Text splitted to sentences.
['Laptop Mag is shutting down', 'Nothing Headphone 1 review head-turning', 'Nothing’s over-ear headphones are all about the buttons', 'Nothing’s ‘first true flagship’ phone plays it a little safe', 'Here are the best AirPods deals you can get right now']
 > Processing time: 165.79326367378235
 > Real-time factor: 8.575111334225232
RSS gerado: /home/robert/Documents/vscode_projects/news_colletector/data/news_en.xml
 > tts_models/multilingual/multi-dataset/xtts_v2 is already downloaded.
 > Using model: xtts
 > Text splitted to sentences.
['Tech firms suggested placing trackers under offenders’ skin at meeting with justice secretary', 'Ministers are gathering ideas to tackle the crisis in the UK justice system.', 'Shabana Mahmood told companies she wanted ‘deeper collaboration’', 'Fonte: Technology | The Guardian']
 > Processing time: 196.4560420513153
 > Real-time factor: 8.627819724409463
 > tts_models/multilingual/multi-dataset/xtts_v2 is already downloaded.
 > Using model: xtts
 > Text splitted to sentences.
['Moonlight Peaks: your chance to live as a tiny vegan vampire', 'Gen Z-coded, achingly TikTok-ready supernatural life sim.', 'Dracula’s daughter seeks a more peaceful life making plant-based blood substitutes.', 'Stardew-Valley-inspired, gently creepy farming game.', 'Fonte: Technology | The Guardian']
 > Processing time: 253.3581235408783
 > Real-time factor: 8.68274349102959
 > tts_models/multilingual/multi-dataset/xtts_v2 is already downloaded.
 > Using model: xtts
 > Text splitted to sentences.
['Tech firms suggested placing trackers under offenders’ skin at meeting with justice secretary', 'Moonlight Peaks your chance to live as a tiny vegan vampire']
 > Processing time: 101.49498701095581
 > Real-time factor: 8.47816577612277
RSS gerado: /home/robert/Documents/vscode_projects/news_colletector/data/news_en.xml
 > tts_models/multilingual/multi-dataset/xtts_v2 is already downloaded.
 > Using model: xtts
 > Text splitted to sentences.
['Teremos de analisar, diz Trump ao ser questionado sobre deportar Musk', 'O presidente dos EUA,  Donald Trump , afirmou nesta terça-feira (1º) que não descarta a possibilidade de deportar  Elon Musk , após o  bilionário sul-africano criticar duramente seu projeto de lei orçamentária federal .', 'Leia mais  (07/01/2025 - 14h54)', 'Fonte: Folha de S.Paulo - Em cima da hora - Principal']
[!] Warning: The text length exceeds the character limit of 203 for language 'pt', this might cause truncated audio.
 > Processing time: 388.1147367954254
 > Real-time factor: 9.13559167941169
 > tts_models/multilingual/multi-dataset/xtts_v2 is already downloaded.
 > Using model: xtts
 > Text splitted to sentences.
['Dupla que atacou Exército israelense em Glastonbury nega antissemitismo; veja', 'Bob Vylan , que  gritou palavras de ordem  contra as Forças de Defesa de  Israel  durante show no  Festival de Glastonbury  neste sábado (28), negou acusações de antissemitismo.', 'Os artistas divulgaram um comunicado sobre o ocorrido nesta terça-feira (1°).', 'Leia mais  (07/01/2025 - 14h50)', 'Fonte: Folha de S.Paulo - Em cima da hora - Principal']
 > Processing time: 332.190304517746
 > Real-time factor: 8.725147485439377
 > tts_models/multilingual/multi-dataset/xtts_v2 is already downloaded.
 > Using model: xtts
 > Text splitted to sentences.
['Lula chama Bolsonaro de frouxo e diz que jamais pediria anistia antes de condenado', 'O presidente  Lula  ( PT ) criticou nesta terça-feira (1º) o ex-presidente  Jair Bolsonaro  ( PL ) tanto pelos pedidos de anistia a ele mesmo como pelas campanhas de pagamentos em Pix para bancar advogados e demais gastos diante dos processos que enfrenta na Justiça.', 'Leia mais  (07/01/2025 - 14h28)', 'Fonte: Folha de S.Paulo - Em cima da hora - Principal']
[!] Warning: The text length exceeds the character limit of 203 for language 'pt', this might cause truncated audio.
 > Processing time: 383.61676025390625
 > Real-time factor: 9.320073473748582
 > tts_models/multilingual/multi-dataset/xtts_v2 is already downloaded.
 > Using model: xtts
 > Text splitted to sentences.
['Transformações na Antártida afetam clima e baleias no Brasil', 'É época de frio extremo e escuridão na  Antártida .', 'No interior do continente mais isolado do planeta, o termômetro pode descer a -89°C no inverno.', 'Mas, em suas bordas, uma anomalia observada nos últimos anos inquieta a comunidade científica: a  temperatura está subindo .', 'Leia mais  (07/01/2025 - 14h19)', 'Fonte: Folha de S.Paulo - Em cima da hora - Principal']
 > Processing time: 354.7314612865448
 > Real-time factor: 8.746275004213683
 > tts_models/multilingual/multi-dataset/xtts_v2 is already downloaded.
 > Using model: xtts
 > Text splitted to sentences.
['Putin e Macron voltam a se falar após quase três anos', 'Vladimir Putin and Emmanuel Macron are in touch after trase três anos.', 'They agree on a discordar acerca da Guerra da Ucrânia.', 'They also discuss a recent conflito entre Irã, Israel and Estados Unidos.', 'Fonte: Folha de S.Paulo - Em cima da hora - Principal']
 > Processing time: 238.63894772529602
 > Real-time factor: 8.657092838293284
 > tts_models/multilingual/multi-dataset/xtts_v2 is already downloaded.
 > Using model: xtts
 > Text splitted to sentences.
['Teremos de analisar diz Trump ao ser questionado sobre deportar Musk', 'Dupla que atacou Exército israelense em Glastonbury nega antissemitismo veja', 'Lula chama Bolsonaro de frouxo e diz que jamais pediria anistia antes de condenado', 'Transformações na Antártida afetam clima e baleias no Brasil', 'Putin e Macron voltam a se falar após quase três anos']
 > Processing time: 243.08561754226685
 > Real-time factor: 8.63296911932577
RSS gerado: /home/robert/Documents/vscode_projects/news_colletector/data/news_pt.xml
INFO:__main__:✅ text_to_speech.py executado com sucesso.
INFO:__main__:🎉 Todos os scripts foram executados com sucesso.
=== FIM DA EXECUÇÃO: Tue  1 Jul 21:25:41 IST 2025 ===
STATUS DE SAÍDA: 0
